2019-01-28 11:47:59,457 INFO [org.springframework.test.context.support.DefaultTestContextBootstrapper] - Loaded default TestExecutionListener class names from location [META-INF/spring.factories]: [org.springframework.test.context.web.ServletTestExecutionListener, org.springframework.test.context.support.DirtiesContextBeforeModesTestExecutionListener, org.springframework.test.context.support.DependencyInjectionTestExecutionListener, org.springframework.test.context.support.DirtiesContextTestExecutionListener, org.springframework.test.context.transaction.TransactionalTestExecutionListener, org.springframework.test.context.jdbc.SqlScriptsTestExecutionListener]
2019-01-28 11:47:59,497 INFO [org.springframework.test.context.support.DefaultTestContextBootstrapper] - Using TestExecutionListeners: [org.springframework.test.context.web.ServletTestExecutionListener@3e6fa38a, org.springframework.test.context.support.DirtiesContextBeforeModesTestExecutionListener@66a3ffec, org.springframework.test.context.support.DependencyInjectionTestExecutionListener@77caeb3e, org.springframework.test.context.support.DirtiesContextTestExecutionListener@1e88b3c, org.springframework.test.context.transaction.TransactionalTestExecutionListener@42d80b78, org.springframework.test.context.jdbc.SqlScriptsTestExecutionListener@3bfdc050]
2019-01-28 11:47:59,655 INFO [org.springframework.beans.factory.xml.XmlBeanDefinitionReader] - Loading XML bean definitions from class path resource [spring-context.xml]
2019-01-28 11:48:00,083 INFO [org.springframework.beans.factory.xml.XmlBeanDefinitionReader] - Loading XML bean definitions from class path resource [spring-context-druid.xml]
2019-01-28 11:48:00,427 INFO [org.springframework.beans.factory.xml.XmlBeanDefinitionReader] - Loading XML bean definitions from class path resource [spring-context-mybatis.xml]
2019-01-28 11:48:00,731 INFO [org.springframework.context.support.GenericApplicationContext] - Refreshing org.springframework.context.support.GenericApplicationContext@71423665: startup date [Mon Jan 28 11:48:00 CST 2019]; root of context hierarchy
2019-01-28 11:48:02,917 INFO [com.alibaba.druid.pool.DruidDataSource] - {dataSource-1} inited
2019-01-28 11:48:03,677 INFO [org.springframework.context.support.GenericApplicationContext] - Closing org.springframework.context.support.GenericApplicationContext@71423665: startup date [Mon Jan 28 11:48:00 CST 2019]; root of context hierarchy
2019-01-28 11:48:03,684 INFO [com.alibaba.druid.pool.DruidDataSource] - {dataSource-1} closed
2019-01-28 11:48:18,251 INFO [org.springframework.test.context.support.DefaultTestContextBootstrapper] - Loaded default TestExecutionListener class names from location [META-INF/spring.factories]: [org.springframework.test.context.web.ServletTestExecutionListener, org.springframework.test.context.support.DirtiesContextBeforeModesTestExecutionListener, org.springframework.test.context.support.DependencyInjectionTestExecutionListener, org.springframework.test.context.support.DirtiesContextTestExecutionListener, org.springframework.test.context.transaction.TransactionalTestExecutionListener, org.springframework.test.context.jdbc.SqlScriptsTestExecutionListener]
2019-01-28 11:48:18,284 INFO [org.springframework.test.context.support.DefaultTestContextBootstrapper] - Using TestExecutionListeners: [org.springframework.test.context.web.ServletTestExecutionListener@3e6fa38a, org.springframework.test.context.support.DirtiesContextBeforeModesTestExecutionListener@66a3ffec, org.springframework.test.context.support.DependencyInjectionTestExecutionListener@77caeb3e, org.springframework.test.context.support.DirtiesContextTestExecutionListener@1e88b3c, org.springframework.test.context.transaction.TransactionalTestExecutionListener@42d80b78, org.springframework.test.context.jdbc.SqlScriptsTestExecutionListener@3bfdc050]
2019-01-28 11:48:18,414 INFO [org.springframework.beans.factory.xml.XmlBeanDefinitionReader] - Loading XML bean definitions from class path resource [spring-context.xml]
2019-01-28 11:48:18,781 INFO [org.springframework.beans.factory.xml.XmlBeanDefinitionReader] - Loading XML bean definitions from class path resource [spring-context-druid.xml]
2019-01-28 11:48:18,845 INFO [org.springframework.beans.factory.xml.XmlBeanDefinitionReader] - Loading XML bean definitions from class path resource [spring-context-mybatis.xml]
2019-01-28 11:48:18,879 INFO [org.springframework.context.support.GenericApplicationContext] - Refreshing org.springframework.context.support.GenericApplicationContext@71423665: startup date [Mon Jan 28 11:48:18 CST 2019]; root of context hierarchy
2019-01-28 11:48:20,926 INFO [com.alibaba.druid.pool.DruidDataSource] - {dataSource-1} inited
2019-01-28 11:48:21,950 INFO [org.springframework.context.support.GenericApplicationContext] - Closing org.springframework.context.support.GenericApplicationContext@71423665: startup date [Mon Jan 28 11:48:18 CST 2019]; root of context hierarchy
2019-01-28 11:48:21,956 INFO [com.alibaba.druid.pool.DruidDataSource] - {dataSource-1} closed
2019-01-28 11:59:09,809 INFO [org.springframework.test.context.support.DefaultTestContextBootstrapper] - Loaded default TestExecutionListener class names from location [META-INF/spring.factories]: [org.springframework.test.context.web.ServletTestExecutionListener, org.springframework.test.context.support.DirtiesContextBeforeModesTestExecutionListener, org.springframework.test.context.support.DependencyInjectionTestExecutionListener, org.springframework.test.context.support.DirtiesContextTestExecutionListener, org.springframework.test.context.transaction.TransactionalTestExecutionListener, org.springframework.test.context.jdbc.SqlScriptsTestExecutionListener]
2019-01-28 11:59:09,836 INFO [org.springframework.test.context.support.DefaultTestContextBootstrapper] - Using TestExecutionListeners: [org.springframework.test.context.web.ServletTestExecutionListener@3e6fa38a, org.springframework.test.context.support.DirtiesContextBeforeModesTestExecutionListener@66a3ffec, org.springframework.test.context.support.DependencyInjectionTestExecutionListener@77caeb3e, org.springframework.test.context.support.DirtiesContextTestExecutionListener@1e88b3c, org.springframework.test.context.transaction.TransactionalTestExecutionListener@42d80b78, org.springframework.test.context.jdbc.SqlScriptsTestExecutionListener@3bfdc050]
2019-01-28 11:59:09,968 INFO [org.springframework.beans.factory.xml.XmlBeanDefinitionReader] - Loading XML bean definitions from class path resource [spring-context.xml]
2019-01-28 11:59:10,313 INFO [org.springframework.beans.factory.xml.XmlBeanDefinitionReader] - Loading XML bean definitions from class path resource [spring-context-druid.xml]
2019-01-28 11:59:10,386 INFO [org.springframework.beans.factory.xml.XmlBeanDefinitionReader] - Loading XML bean definitions from class path resource [spring-context-mybatis.xml]
2019-01-28 11:59:10,422 INFO [org.springframework.context.support.GenericApplicationContext] - Refreshing org.springframework.context.support.GenericApplicationContext@71423665: startup date [Mon Jan 28 11:59:10 CST 2019]; root of context hierarchy
2019-01-28 11:59:12,134 INFO [com.alibaba.druid.pool.DruidDataSource] - {dataSource-1} inited
2019-01-28 11:59:12,808 INFO [org.springframework.context.support.GenericApplicationContext] - Closing org.springframework.context.support.GenericApplicationContext@71423665: startup date [Mon Jan 28 11:59:10 CST 2019]; root of context hierarchy
2019-01-28 11:59:12,816 INFO [com.alibaba.druid.pool.DruidDataSource] - {dataSource-1} closed
2019-01-28 11:59:43,980 INFO [org.springframework.test.context.support.DefaultTestContextBootstrapper] - Loaded default TestExecutionListener class names from location [META-INF/spring.factories]: [org.springframework.test.context.web.ServletTestExecutionListener, org.springframework.test.context.support.DirtiesContextBeforeModesTestExecutionListener, org.springframework.test.context.support.DependencyInjectionTestExecutionListener, org.springframework.test.context.support.DirtiesContextTestExecutionListener, org.springframework.test.context.transaction.TransactionalTestExecutionListener, org.springframework.test.context.jdbc.SqlScriptsTestExecutionListener]
2019-01-28 11:59:44,022 INFO [org.springframework.test.context.support.DefaultTestContextBootstrapper] - Using TestExecutionListeners: [org.springframework.test.context.web.ServletTestExecutionListener@3e6fa38a, org.springframework.test.context.support.DirtiesContextBeforeModesTestExecutionListener@66a3ffec, org.springframework.test.context.support.DependencyInjectionTestExecutionListener@77caeb3e, org.springframework.test.context.support.DirtiesContextTestExecutionListener@1e88b3c, org.springframework.test.context.transaction.TransactionalTestExecutionListener@42d80b78, org.springframework.test.context.jdbc.SqlScriptsTestExecutionListener@3bfdc050]
2019-01-28 11:59:44,147 INFO [org.springframework.beans.factory.xml.XmlBeanDefinitionReader] - Loading XML bean definitions from class path resource [spring-context.xml]
2019-01-28 11:59:44,474 INFO [org.springframework.beans.factory.xml.XmlBeanDefinitionReader] - Loading XML bean definitions from class path resource [spring-context-druid.xml]
2019-01-28 11:59:44,529 INFO [org.springframework.beans.factory.xml.XmlBeanDefinitionReader] - Loading XML bean definitions from class path resource [spring-context-mybatis.xml]
2019-01-28 11:59:44,558 INFO [org.springframework.context.support.GenericApplicationContext] - Refreshing org.springframework.context.support.GenericApplicationContext@71423665: startup date [Mon Jan 28 11:59:44 CST 2019]; root of context hierarchy
2019-01-28 11:59:46,295 INFO [com.alibaba.druid.pool.DruidDataSource] - {dataSource-1} inited
2019-01-28 11:59:46,776 INFO [org.springframework.context.support.GenericApplicationContext] - Closing org.springframework.context.support.GenericApplicationContext@71423665: startup date [Mon Jan 28 11:59:44 CST 2019]; root of context hierarchy
2019-01-28 11:59:46,782 INFO [com.alibaba.druid.pool.DruidDataSource] - {dataSource-1} closed
2019-01-28 12:07:23,297 INFO [org.springframework.test.context.support.DefaultTestContextBootstrapper] - Loaded default TestExecutionListener class names from location [META-INF/spring.factories]: [org.springframework.test.context.web.ServletTestExecutionListener, org.springframework.test.context.support.DirtiesContextBeforeModesTestExecutionListener, org.springframework.test.context.support.DependencyInjectionTestExecutionListener, org.springframework.test.context.support.DirtiesContextTestExecutionListener, org.springframework.test.context.transaction.TransactionalTestExecutionListener, org.springframework.test.context.jdbc.SqlScriptsTestExecutionListener]
2019-01-28 12:07:23,325 INFO [org.springframework.test.context.support.DefaultTestContextBootstrapper] - Using TestExecutionListeners: [org.springframework.test.context.web.ServletTestExecutionListener@3e6fa38a, org.springframework.test.context.support.DirtiesContextBeforeModesTestExecutionListener@66a3ffec, org.springframework.test.context.support.DependencyInjectionTestExecutionListener@77caeb3e, org.springframework.test.context.support.DirtiesContextTestExecutionListener@1e88b3c, org.springframework.test.context.transaction.TransactionalTestExecutionListener@42d80b78, org.springframework.test.context.jdbc.SqlScriptsTestExecutionListener@3bfdc050]
2019-01-28 12:07:23,441 INFO [org.springframework.beans.factory.xml.XmlBeanDefinitionReader] - Loading XML bean definitions from class path resource [spring-context.xml]
2019-01-28 12:07:23,757 INFO [org.springframework.beans.factory.xml.XmlBeanDefinitionReader] - Loading XML bean definitions from class path resource [spring-context-druid.xml]
2019-01-28 12:07:23,818 INFO [org.springframework.beans.factory.xml.XmlBeanDefinitionReader] - Loading XML bean definitions from class path resource [spring-context-mybatis.xml]
2019-01-28 12:07:23,862 INFO [org.springframework.context.support.GenericApplicationContext] - Refreshing org.springframework.context.support.GenericApplicationContext@71423665: startup date [Mon Jan 28 12:07:23 CST 2019]; root of context hierarchy
2019-01-28 12:07:25,580 INFO [com.alibaba.druid.pool.DruidDataSource] - {dataSource-1} inited
2019-01-28 12:07:26,207 INFO [org.springframework.context.support.GenericApplicationContext] - Closing org.springframework.context.support.GenericApplicationContext@71423665: startup date [Mon Jan 28 12:07:23 CST 2019]; root of context hierarchy
2019-01-28 12:07:26,212 INFO [com.alibaba.druid.pool.DruidDataSource] - {dataSource-1} closed
2019-01-28 13:54:59,558 INFO [org.springframework.test.context.support.DefaultTestContextBootstrapper] - Loaded default TestExecutionListener class names from location [META-INF/spring.factories]: [org.springframework.test.context.web.ServletTestExecutionListener, org.springframework.test.context.support.DirtiesContextBeforeModesTestExecutionListener, org.springframework.test.context.support.DependencyInjectionTestExecutionListener, org.springframework.test.context.support.DirtiesContextTestExecutionListener, org.springframework.test.context.transaction.TransactionalTestExecutionListener, org.springframework.test.context.jdbc.SqlScriptsTestExecutionListener]
2019-01-28 13:54:59,590 INFO [org.springframework.test.context.support.DefaultTestContextBootstrapper] - Using TestExecutionListeners: [org.springframework.test.context.web.ServletTestExecutionListener@3e6fa38a, org.springframework.test.context.support.DirtiesContextBeforeModesTestExecutionListener@66a3ffec, org.springframework.test.context.support.DependencyInjectionTestExecutionListener@77caeb3e, org.springframework.test.context.support.DirtiesContextTestExecutionListener@1e88b3c, org.springframework.test.context.transaction.TransactionalTestExecutionListener@42d80b78, org.springframework.test.context.jdbc.SqlScriptsTestExecutionListener@3bfdc050]
2019-01-28 13:54:59,720 INFO [org.springframework.beans.factory.xml.XmlBeanDefinitionReader] - Loading XML bean definitions from class path resource [spring-context.xml]
2019-01-28 13:55:00,107 INFO [org.springframework.beans.factory.xml.XmlBeanDefinitionReader] - Loading XML bean definitions from class path resource [spring-context-druid.xml]
2019-01-28 13:55:00,174 INFO [org.springframework.beans.factory.xml.XmlBeanDefinitionReader] - Loading XML bean definitions from class path resource [spring-context-mybatis.xml]
2019-01-28 13:55:00,220 INFO [org.springframework.context.support.GenericApplicationContext] - Refreshing org.springframework.context.support.GenericApplicationContext@71423665: startup date [Mon Jan 28 13:55:00 CST 2019]; root of context hierarchy
2019-01-28 13:55:02,322 INFO [com.alibaba.druid.pool.DruidDataSource] - {dataSource-1} inited
2019-01-28 13:55:03,045 INFO [org.springframework.context.support.GenericApplicationContext] - Closing org.springframework.context.support.GenericApplicationContext@71423665: startup date [Mon Jan 28 13:55:00 CST 2019]; root of context hierarchy
2019-01-28 13:55:03,051 INFO [com.alibaba.druid.pool.DruidDataSource] - {dataSource-1} closed
2019-01-28 14:00:09,361 INFO [org.springframework.test.context.support.DefaultTestContextBootstrapper] - Loaded default TestExecutionListener class names from location [META-INF/spring.factories]: [org.springframework.test.context.web.ServletTestExecutionListener, org.springframework.test.context.support.DirtiesContextBeforeModesTestExecutionListener, org.springframework.test.context.support.DependencyInjectionTestExecutionListener, org.springframework.test.context.support.DirtiesContextTestExecutionListener, org.springframework.test.context.transaction.TransactionalTestExecutionListener, org.springframework.test.context.jdbc.SqlScriptsTestExecutionListener]
2019-01-28 14:00:09,394 INFO [org.springframework.test.context.support.DefaultTestContextBootstrapper] - Using TestExecutionListeners: [org.springframework.test.context.web.ServletTestExecutionListener@3e6fa38a, org.springframework.test.context.support.DirtiesContextBeforeModesTestExecutionListener@66a3ffec, org.springframework.test.context.support.DependencyInjectionTestExecutionListener@77caeb3e, org.springframework.test.context.support.DirtiesContextTestExecutionListener@1e88b3c, org.springframework.test.context.transaction.TransactionalTestExecutionListener@42d80b78, org.springframework.test.context.jdbc.SqlScriptsTestExecutionListener@3bfdc050]
2019-01-28 14:00:09,512 INFO [org.springframework.beans.factory.xml.XmlBeanDefinitionReader] - Loading XML bean definitions from class path resource [spring-context.xml]
2019-01-28 14:00:09,869 INFO [org.springframework.beans.factory.xml.XmlBeanDefinitionReader] - Loading XML bean definitions from class path resource [spring-context-druid.xml]
2019-01-28 14:00:09,929 INFO [org.springframework.beans.factory.xml.XmlBeanDefinitionReader] - Loading XML bean definitions from class path resource [spring-context-mybatis.xml]
2019-01-28 14:00:09,973 INFO [org.springframework.context.support.GenericApplicationContext] - Refreshing org.springframework.context.support.GenericApplicationContext@71423665: startup date [Mon Jan 28 14:00:09 CST 2019]; root of context hierarchy
2019-01-28 14:00:12,699 INFO [com.alibaba.druid.pool.DruidDataSource] - {dataSource-1} inited
2019-01-28 14:00:13,547 INFO [org.springframework.context.support.GenericApplicationContext] - Closing org.springframework.context.support.GenericApplicationContext@71423665: startup date [Mon Jan 28 14:00:09 CST 2019]; root of context hierarchy
2019-01-28 14:00:13,554 INFO [com.alibaba.druid.pool.DruidDataSource] - {dataSource-1} closed
2019-01-28 14:00:15,654 INFO [org.springframework.test.context.support.DefaultTestContextBootstrapper] - Loaded default TestExecutionListener class names from location [META-INF/spring.factories]: [org.springframework.test.context.web.ServletTestExecutionListener, org.springframework.test.context.support.DirtiesContextBeforeModesTestExecutionListener, org.springframework.test.context.support.DependencyInjectionTestExecutionListener, org.springframework.test.context.support.DirtiesContextTestExecutionListener, org.springframework.test.context.transaction.TransactionalTestExecutionListener, org.springframework.test.context.jdbc.SqlScriptsTestExecutionListener]
2019-01-28 14:00:15,691 INFO [org.springframework.test.context.support.DefaultTestContextBootstrapper] - Using TestExecutionListeners: [org.springframework.test.context.web.ServletTestExecutionListener@1a04f701, org.springframework.test.context.support.DirtiesContextBeforeModesTestExecutionListener@4e91d63f, org.springframework.test.context.support.DependencyInjectionTestExecutionListener@d4342c2, org.springframework.test.context.support.DirtiesContextTestExecutionListener@2bbf180e, org.springframework.test.context.transaction.TransactionalTestExecutionListener@163e4e87, org.springframework.test.context.jdbc.SqlScriptsTestExecutionListener@56de5251]
2019-01-28 14:00:15,831 INFO [org.springframework.beans.factory.xml.XmlBeanDefinitionReader] - Loading XML bean definitions from class path resource [spring-context.xml]
2019-01-28 14:00:16,521 INFO [org.springframework.beans.factory.xml.XmlBeanDefinitionReader] - Loading XML bean definitions from class path resource [spring-context-druid.xml]
2019-01-28 14:00:16,703 INFO [org.springframework.beans.factory.xml.XmlBeanDefinitionReader] - Loading XML bean definitions from class path resource [spring-context-mybatis.xml]
2019-01-28 14:00:16,922 INFO [org.springframework.context.support.GenericApplicationContext] - Refreshing org.springframework.context.support.GenericApplicationContext@2ef3eef9: startup date [Mon Jan 28 14:00:16 CST 2019]; root of context hierarchy
2019-01-28 14:00:19,156 INFO [com.alibaba.druid.pool.DruidDataSource] - {dataSource-1} inited
2019-01-28 14:00:19,833 INFO [org.springframework.context.support.GenericApplicationContext] - Closing org.springframework.context.support.GenericApplicationContext@2ef3eef9: startup date [Mon Jan 28 14:00:16 CST 2019]; root of context hierarchy
2019-01-28 14:00:19,840 INFO [com.alibaba.druid.pool.DruidDataSource] - {dataSource-1} closed
